<?xml version="1.0" encoding="UTF-8"?>
<testsuite xmlns:xsi="http://www.w3.org/2001/XMLSchema-instance" xsi:noNamespaceSchemaLocation="https://maven.apache.org/surefire/maven-surefire-plugin/xsd/surefire-test-report-3.0.xsd" version="3.0" name="com.example.AppTest" time="0.054" tests="2" errors="0" skipped="0" failures="0">
  <properties>
    <property name="java.specification.version" value="23"/>
    <property name="sun.jnu.encoding" value="UTF-8"/>
    <property name="java.class.path" value="/Users/entorkrasniqi/Desktop/FOLDERS/Design_Patterns/SEP01_Group6/target/test-classes:/Users/entorkrasniqi/Desktop/FOLDERS/Design_Patterns/SEP01_Group6/target/classes:/Users/entorkrasniqi/.m2/repository/org/openjfx/javafx-controls/21.0.8/javafx-controls-21.0.8.jar:/Users/entorkrasniqi/.m2/repository/org/openjfx/javafx-controls/21.0.8/javafx-controls-21.0.8-mac.jar:/Users/entorkrasniqi/.m2/repository/org/openjfx/javafx-graphics/21.0.8/javafx-graphics-21.0.8.jar:/Users/entorkrasniqi/.m2/repository/org/openjfx/javafx-graphics/21.0.8/javafx-graphics-21.0.8-mac.jar:/Users/entorkrasniqi/.m2/repository/org/openjfx/javafx-base/21.0.8/javafx-base-21.0.8.jar:/Users/entorkrasniqi/.m2/repository/org/openjfx/javafx-base/21.0.8/javafx-base-21.0.8-mac.jar:/Users/entorkrasniqi/.m2/repository/org/openjfx/javafx-fxml/21.0.8/javafx-fxml-21.0.8.jar:/Users/entorkrasniqi/.m2/repository/org/openjfx/javafx-fxml/21.0.8/javafx-fxml-21.0.8-mac.jar:/Users/entorkrasniqi/.m2/repository/org/mariadb/jdbc/mariadb-java-client/3.3.3/mariadb-java-client-3.3.3.jar:/Users/entorkrasniqi/.m2/repository/com/github/waffle/waffle-jna/3.3.0/waffle-jna-3.3.0.jar:/Users/entorkrasniqi/.m2/repository/net/java/dev/jna/jna/5.13.0/jna-5.13.0.jar:/Users/entorkrasniqi/.m2/repository/net/java/dev/jna/jna-platform/5.13.0/jna-platform-5.13.0.jar:/Users/entorkrasniqi/.m2/repository/org/slf4j/jcl-over-slf4j/2.0.7/jcl-over-slf4j-2.0.7.jar:/Users/entorkrasniqi/.m2/repository/com/github/ben-manes/caffeine/caffeine/2.9.3/caffeine-2.9.3.jar:/Users/entorkrasniqi/.m2/repository/com/google/errorprone/error_prone_annotations/2.10.0/error_prone_annotations-2.10.0.jar:/Users/entorkrasniqi/.m2/repository/org/checkerframework/checker-qual/3.32.0/checker-qual-3.32.0.jar:/Users/entorkrasniqi/.m2/repository/org/junit/jupiter/junit-jupiter/5.10.2/junit-jupiter-5.10.2.jar:/Users/entorkrasniqi/.m2/repository/org/junit/jupiter/junit-jupiter-api/5.10.2/junit-jupiter-api-5.10.2.jar:/Users/entorkrasniqi/.m2/repository/org/opentest4j/opentest4j/1.3.0/opentest4j-1.3.0.jar:/Users/entorkrasniqi/.m2/repository/org/junit/platform/junit-platform-commons/1.10.2/junit-platform-commons-1.10.2.jar:/Users/entorkrasniqi/.m2/repository/org/apiguardian/apiguardian-api/1.1.2/apiguardian-api-1.1.2.jar:/Users/entorkrasniqi/.m2/repository/org/junit/jupiter/junit-jupiter-params/5.10.2/junit-jupiter-params-5.10.2.jar:/Users/entorkrasniqi/.m2/repository/org/junit/jupiter/junit-jupiter-engine/5.10.2/junit-jupiter-engine-5.10.2.jar:/Users/entorkrasniqi/.m2/repository/org/junit/platform/junit-platform-engine/1.10.2/junit-platform-engine-1.10.2.jar:/Users/entorkrasniqi/.m2/repository/org/mockito/mockito-core/5.7.0/mockito-core-5.7.0.jar:/Users/entorkrasniqi/.m2/repository/net/bytebuddy/byte-buddy/1.14.9/byte-buddy-1.14.9.jar:/Users/entorkrasniqi/.m2/repository/net/bytebuddy/byte-buddy-agent/1.14.9/byte-buddy-agent-1.14.9.jar:/Users/entorkrasniqi/.m2/repository/org/objenesis/objenesis/3.3/objenesis-3.3.jar:/Users/entorkrasniqi/.m2/repository/org/assertj/assertj-core/3.24.2/assertj-core-3.24.2.jar:/Users/entorkrasniqi/.m2/repository/com/zaxxer/HikariCP/5.0.1/HikariCP-5.0.1.jar:/Users/entorkrasniqi/.m2/repository/org/slf4j/slf4j-api/2.0.0-alpha1/slf4j-api-2.0.0-alpha1.jar:"/>
    <property name="java.vm.vendor" value="Homebrew"/>
    <property name="sun.arch.data.model" value="64"/>
    <property name="java.vendor.url" value="https://github.com/Homebrew/homebrew-core/issues"/>
    <property name="os.name" value="Mac OS X"/>
    <property name="java.vm.specification.version" value="23"/>
    <property name="sun.java.launcher" value="SUN_STANDARD"/>
    <property name="user.country" value="GB"/>
    <property name="sun.boot.library.path" value="/usr/local/Cellar/openjdk/23.0.2/libexec/openjdk.jdk/Contents/Home/lib"/>
    <property name="sun.java.command" value="/Users/entorkrasniqi/Desktop/FOLDERS/Design_Patterns/SEP01_Group6/target/surefire/surefirebooter-20250916143604230_3.jar /Users/entorkrasniqi/Desktop/FOLDERS/Design_Patterns/SEP01_Group6/target/surefire 2025-09-16T14-36-04_127-jvmRun1 surefire-20250916143604230_1tmp surefire_0-20250916143604230_2tmp"/>
    <property name="http.nonProxyHosts" value="local|*.local|169.254/16|*.169.254/16"/>
    <property name="jdk.debug" value="release"/>
    <property name="surefire.test.class.path" value="/Users/entorkrasniqi/Desktop/FOLDERS/Design_Patterns/SEP01_Group6/target/test-classes:/Users/entorkrasniqi/Desktop/FOLDERS/Design_Patterns/SEP01_Group6/target/classes:/Users/entorkrasniqi/.m2/repository/org/openjfx/javafx-controls/21.0.8/javafx-controls-21.0.8.jar:/Users/entorkrasniqi/.m2/repository/org/openjfx/javafx-controls/21.0.8/javafx-controls-21.0.8-mac.jar:/Users/entorkrasniqi/.m2/repository/org/openjfx/javafx-graphics/21.0.8/javafx-graphics-21.0.8.jar:/Users/entorkrasniqi/.m2/repository/org/openjfx/javafx-graphics/21.0.8/javafx-graphics-21.0.8-mac.jar:/Users/entorkrasniqi/.m2/repository/org/openjfx/javafx-base/21.0.8/javafx-base-21.0.8.jar:/Users/entorkrasniqi/.m2/repository/org/openjfx/javafx-base/21.0.8/javafx-base-21.0.8-mac.jar:/Users/entorkrasniqi/.m2/repository/org/openjfx/javafx-fxml/21.0.8/javafx-fxml-21.0.8.jar:/Users/entorkrasniqi/.m2/repository/org/openjfx/javafx-fxml/21.0.8/javafx-fxml-21.0.8-mac.jar:/Users/entorkrasniqi/.m2/repository/org/mariadb/jdbc/mariadb-java-client/3.3.3/mariadb-java-client-3.3.3.jar:/Users/entorkrasniqi/.m2/repository/com/github/waffle/waffle-jna/3.3.0/waffle-jna-3.3.0.jar:/Users/entorkrasniqi/.m2/repository/net/java/dev/jna/jna/5.13.0/jna-5.13.0.jar:/Users/entorkrasniqi/.m2/repository/net/java/dev/jna/jna-platform/5.13.0/jna-platform-5.13.0.jar:/Users/entorkrasniqi/.m2/repository/org/slf4j/jcl-over-slf4j/2.0.7/jcl-over-slf4j-2.0.7.jar:/Users/entorkrasniqi/.m2/repository/com/github/ben-manes/caffeine/caffeine/2.9.3/caffeine-2.9.3.jar:/Users/entorkrasniqi/.m2/repository/com/google/errorprone/error_prone_annotations/2.10.0/error_prone_annotations-2.10.0.jar:/Users/entorkrasniqi/.m2/repository/org/checkerframework/checker-qual/3.32.0/checker-qual-3.32.0.jar:/Users/entorkrasniqi/.m2/repository/org/junit/jupiter/junit-jupiter/5.10.2/junit-jupiter-5.10.2.jar:/Users/entorkrasniqi/.m2/repository/org/junit/jupiter/junit-jupiter-api/5.10.2/junit-jupiter-api-5.10.2.jar:/Users/entorkrasniqi/.m2/repository/org/opentest4j/opentest4j/1.3.0/opentest4j-1.3.0.jar:/Users/entorkrasniqi/.m2/repository/org/junit/platform/junit-platform-commons/1.10.2/junit-platform-commons-1.10.2.jar:/Users/entorkrasniqi/.m2/repository/org/apiguardian/apiguardian-api/1.1.2/apiguardian-api-1.1.2.jar:/Users/entorkrasniqi/.m2/repository/org/junit/jupiter/junit-jupiter-params/5.10.2/junit-jupiter-params-5.10.2.jar:/Users/entorkrasniqi/.m2/repository/org/junit/jupiter/junit-jupiter-engine/5.10.2/junit-jupiter-engine-5.10.2.jar:/Users/entorkrasniqi/.m2/repository/org/junit/platform/junit-platform-engine/1.10.2/junit-platform-engine-1.10.2.jar:/Users/entorkrasniqi/.m2/repository/org/mockito/mockito-core/5.7.0/mockito-core-5.7.0.jar:/Users/entorkrasniqi/.m2/repository/net/bytebuddy/byte-buddy/1.14.9/byte-buddy-1.14.9.jar:/Users/entorkrasniqi/.m2/repository/net/bytebuddy/byte-buddy-agent/1.14.9/byte-buddy-agent-1.14.9.jar:/Users/entorkrasniqi/.m2/repository/org/objenesis/objenesis/3.3/objenesis-3.3.jar:/Users/entorkrasniqi/.m2/repository/org/assertj/assertj-core/3.24.2/assertj-core-3.24.2.jar:/Users/entorkrasniqi/.m2/repository/com/zaxxer/HikariCP/5.0.1/HikariCP-5.0.1.jar:/Users/entorkrasniqi/.m2/repository/org/slf4j/slf4j-api/2.0.0-alpha1/slf4j-api-2.0.0-alpha1.jar:"/>
    <property name="sun.cpu.endian" value="little"/>
    <property name="user.home" value="/Users/entorkrasniqi"/>
    <property name="user.language" value="en"/>
    <property name="java.specification.vendor" value="Oracle Corporation"/>
    <property name="java.version.date" value="2025-01-21"/>
    <property name="java.home" value="/usr/local/Cellar/openjdk/23.0.2/libexec/openjdk.jdk/Contents/Home"/>
    <property name="file.separator" value="/"/>
    <property name="basedir" value="/Users/entorkrasniqi/Desktop/FOLDERS/Design_Patterns/SEP01_Group6"/>
    <property name="java.vm.compressedOopsMode" value="Zero based"/>
    <property name="line.separator" value="&#10;"/>
    <property name="java.vm.specification.vendor" value="Oracle Corporation"/>
    <property name="java.specification.name" value="Java Platform API Specification"/>
    <property name="apple.awt.application.name" value="ForkedBooter"/>
    <property name="surefire.real.class.path" value="/Users/entorkrasniqi/Desktop/FOLDERS/Design_Patterns/SEP01_Group6/target/surefire/surefirebooter-20250916143604230_3.jar"/>
    <property name="sun.management.compiler" value="HotSpot 64-Bit Tiered Compilers"/>
    <property name="ftp.nonProxyHosts" value="local|*.local|169.254/16|*.169.254/16"/>
    <property name="java.runtime.version" value="23.0.2"/>
    <property name="user.name" value="entorkrasniqi"/>
    <property name="stdout.encoding" value="UTF-8"/>
    <property name="path.separator" value=":"/>
    <property name="os.version" value="15.6.1"/>
    <property name="java.runtime.name" value="OpenJDK Runtime Environment"/>
    <property name="file.encoding" value="UTF-8"/>
    <property name="java.vm.name" value="OpenJDK 64-Bit Server VM"/>
    <property name="java.vendor.version" value="Homebrew"/>
    <property name="localRepository" value="/Users/entorkrasniqi/.m2/repository"/>
    <property name="java.vendor.url.bug" value="https://github.com/Homebrew/homebrew-core/issues"/>
    <property name="java.io.tmpdir" value="/var/folders/rk/cjm3nwyd1nxb8jnx17xfrbmh0000gn/T/"/>
    <property name="java.version" value="23.0.2"/>
    <property name="user.dir" value="/Users/entorkrasniqi/Desktop/FOLDERS/Design_Patterns/SEP01_Group6"/>
    <property name="os.arch" value="x86_64"/>
    <property name="java.vm.specification.name" value="Java Virtual Machine Specification"/>
    <property name="native.encoding" value="UTF-8"/>
    <property name="java.library.path" value="/Users/entorkrasniqi/Library/Java/Extensions:/Library/Java/Extensions:/Network/Library/Java/Extensions:/System/Library/Java/Extensions:/usr/lib/java:."/>
    <property name="java.vm.info" value="mixed mode, sharing"/>
    <property name="stderr.encoding" value="UTF-8"/>
    <property name="java.vendor" value="Homebrew"/>
    <property name="java.vm.version" value="23.0.2"/>
    <property name="sun.io.unicode.encoding" value="UnicodeBig"/>
    <property name="socksNonProxyHosts" value="local|*.local|169.254/16|*.169.254/16"/>
    <property name="java.class.version" value="67.0"/>
  </properties>
  <testcase name="testApp" classname="com.example.AppTest" time="0.024"/>
  <testcase name="testSimpleAssertion" classname="com.example.AppTest" time="0.003"/>
</testsuite>